<?xml version="1.0" encoding="UTF-8"?>
<testng-results skipped="0" failed="0" ignored="0" total="1" passed="1">
  <reporter-output>
  </reporter-output>
  <suite name="Default suite" duration-ms="66323" started-at="2020-02-05T10:38:38Z" finished-at="2020-02-05T10:39:44Z">
    <groups>
    </groups>
    <test name="Default test" duration-ms="66323" started-at="2020-02-05T10:38:38Z" finished-at="2020-02-05T10:39:44Z">
      <class name="utilities.BaseClass">
        <test-method status="PASS" signature="Setup()[pri:0, instance:utilities.BaseClass@56ac3a89]" name="Setup" is-config="true" duration-ms="66296" started-at="2020-02-05T16:08:38Z" finished-at="2020-02-05T16:09:44Z">
          <reporter-output>
          </reporter-output>
        </test-method> <!-- Setup -->
        <test-method status="PASS" signature="sampleTest()[pri:0, instance:utilities.BaseClass@56ac3a89]" name="sampleTest" duration-ms="8" started-at="2020-02-05T16:09:44Z" finished-at="2020-02-05T16:09:44Z">
          <reporter-output>
          </reporter-output>
        </test-method> <!-- sampleTest -->
        <test-method status="PASS" signature="tearDown()[pri:0, instance:utilities.BaseClass@56ac3a89]" name="tearDown" is-config="true" duration-ms="0" started-at="2020-02-05T16:09:44Z" finished-at="2020-02-05T16:09:44Z">
          <reporter-output>
          </reporter-output>
        </test-method> <!-- tearDown -->
      </class> <!-- utilities.BaseClass -->
    </test> <!-- Default test -->
  </suite> <!-- Default suite -->
</testng-results>
